<?xml version="1.0" encoding="UTF-8"?>
<coverage generated="1664816707903" clover="3.2.0">
  <project timestamp="1664816707903" name="All files">
    <metrics statements="122" coveredstatements="76" conditionals="61" coveredconditionals="16" methods="43" coveredmethods="23" elements="226" coveredelements="115" complexity="0" loc="122" ncloc="122" packages="11" files="24" classes="24"/>
    <package name="ten-frame">
      <metrics statements="9" coveredstatements="0" conditionals="17" coveredconditionals="0" methods="2" coveredmethods="0"/>
      <file name="App.styles.ts" path="/Users/deanspooner/Repos/ten-frame/App.styles.ts">
        <metrics statements="1" coveredstatements="0" conditionals="0" coveredconditionals="0" methods="0" coveredmethods="0"/>
        <line num="3" count="0" type="stmt"/>
      </file>
      <file name="App.tsx" path="/Users/deanspooner/Repos/ten-frame/App.tsx">
        <metrics statements="5" coveredstatements="0" conditionals="17" coveredconditionals="0" methods="2" coveredmethods="0"/>
        <line num="13" count="0" type="stmt"/>
        <line num="14" count="0" type="stmt"/>
        <line num="15" count="0" type="stmt"/>
        <line num="17" count="0" type="stmt"/>
        <line num="34" count="0" type="stmt"/>
      </file>
      <file name="index.js" path="/Users/deanspooner/Repos/ten-frame/index.js">
        <metrics statements="1" coveredstatements="0" conditionals="0" coveredconditionals="0" methods="0" coveredmethods="0"/>
        <line num="8" count="0" type="stmt"/>
      </file>
      <file name="metro.config.js" path="/Users/deanspooner/Repos/ten-frame/metro.config.js">
        <metrics statements="2" coveredstatements="0" conditionals="0" coveredconditionals="0" methods="0" coveredmethods="0"/>
        <line num="2" count="0" type="stmt"/>
        <line num="4" count="0" type="stmt"/>
      </file>
    </package>
    <package name="ten-frame.components.GameTable">
      <metrics statements="12" coveredstatements="12" conditionals="2" coveredconditionals="1" methods="5" coveredmethods="5"/>
      <file name="GameTable.styles.ts" path="/Users/deanspooner/Repos/ten-frame/components/GameTable/GameTable.styles.ts">
        <metrics statements="1" coveredstatements="1" conditionals="0" coveredconditionals="0" methods="0" coveredmethods="0"/>
        <line num="3" count="1" type="stmt"/>
      </file>
      <file name="GameTable.tsx" path="/Users/deanspooner/Repos/ten-frame/components/GameTable/GameTable.tsx">
        <metrics statements="11" coveredstatements="11" conditionals="2" coveredconditionals="1" methods="5" coveredmethods="5"/>
        <line num="9" count="1" type="stmt"/>
        <line num="10" count="4" type="stmt"/>
        <line num="11" count="4" type="stmt"/>
        <line num="12" count="4" type="stmt"/>
        <line num="13" count="40" type="stmt"/>
        <line num="16" count="4" type="stmt"/>
        <line num="18" count="4" type="stmt"/>
        <line num="19" count="2" type="stmt"/>
        <line num="22" count="2" type="stmt"/>
        <line num="25" count="4" type="stmt"/>
        <line num="28" count="40" type="stmt"/>
      </file>
    </package>
    <package name="ten-frame.components.HamburgerIcon">
      <metrics statements="4" coveredstatements="3" conditionals="4" coveredconditionals="3" methods="2" coveredmethods="1"/>
      <file name="HamburgerIcon.styles.ts" path="/Users/deanspooner/Repos/ten-frame/components/HamburgerIcon/HamburgerIcon.styles.ts">
        <metrics statements="1" coveredstatements="1" conditionals="0" coveredconditionals="0" methods="0" coveredmethods="0"/>
        <line num="3" count="2" type="stmt"/>
      </file>
      <file name="HamburgerIcon.tsx" path="/Users/deanspooner/Repos/ten-frame/components/HamburgerIcon/HamburgerIcon.tsx">
        <metrics statements="3" coveredstatements="2" conditionals="4" coveredconditionals="3" methods="2" coveredmethods="1"/>
        <line num="10" count="2" type="stmt"/>
        <line num="14" count="4" type="stmt"/>
        <line num="18" count="0" type="stmt"/>
      </file>
    </package>
    <package name="ten-frame.components.Header">
      <metrics statements="7" coveredstatements="4" conditionals="6" coveredconditionals="3" methods="3" coveredmethods="1"/>
      <file name="Header.styles.ts" path="/Users/deanspooner/Repos/ten-frame/components/Header/Header.styles.ts">
        <metrics statements="1" coveredstatements="1" conditionals="0" coveredconditionals="0" methods="0" coveredmethods="0"/>
        <line num="3" count="1" type="stmt"/>
      </file>
      <file name="Header.tsx" path="/Users/deanspooner/Repos/ten-frame/components/Header/Header.tsx">
        <metrics statements="6" coveredstatements="3" conditionals="6" coveredconditionals="3" methods="3" coveredmethods="1"/>
        <line num="12" count="1" type="stmt"/>
        <line num="17" count="2" type="stmt"/>
        <line num="25" count="2" type="stmt"/>
        <line num="37" count="0" type="stmt"/>
        <line num="39" count="0" type="stmt"/>
        <line num="40" count="0" type="stmt"/>
      </file>
    </package>
    <package name="ten-frame.components.Table">
      <metrics statements="11" coveredstatements="11" conditionals="2" coveredconditionals="1" methods="4" coveredmethods="4"/>
      <file name="Table.styles.ts" path="/Users/deanspooner/Repos/ten-frame/components/Table/Table.styles.ts">
        <metrics statements="1" coveredstatements="1" conditionals="0" coveredconditionals="0" methods="0" coveredmethods="0"/>
        <line num="3" count="3" type="stmt"/>
      </file>
      <file name="Table.tsx" path="/Users/deanspooner/Repos/ten-frame/components/Table/Table.tsx">
        <metrics statements="10" coveredstatements="10" conditionals="2" coveredconditionals="1" methods="4" coveredmethods="4"/>
        <line num="9" count="3" type="stmt"/>
        <line num="10" count="8" type="stmt"/>
        <line num="11" count="8" type="stmt"/>
        <line num="12" count="8" type="stmt"/>
        <line num="13" count="80" type="stmt"/>
        <line num="16" count="8" type="stmt"/>
        <line num="17" count="4" type="stmt"/>
        <line num="20" count="4" type="stmt"/>
        <line num="23" count="8" type="stmt"/>
        <line num="26" count="80" type="stmt"/>
      </file>
    </package>
    <package name="ten-frame.components.TouchTable">
      <metrics statements="19" coveredstatements="10" conditionals="4" coveredconditionals="1" methods="8" coveredmethods="3"/>
      <file name="TouchTable.styles.ts" path="/Users/deanspooner/Repos/ten-frame/components/TouchTable/TouchTable.styles.ts">
        <metrics statements="1" coveredstatements="1" conditionals="0" coveredconditionals="0" methods="0" coveredmethods="0"/>
        <line num="3" count="2" type="stmt"/>
      </file>
      <file name="TouchTable.tsx" path="/Users/deanspooner/Repos/ten-frame/components/TouchTable/TouchTable.tsx">
        <metrics statements="18" coveredstatements="9" conditionals="4" coveredconditionals="1" methods="8" coveredmethods="3"/>
        <line num="10" count="2" type="stmt"/>
        <line num="14" count="4" type="stmt"/>
        <line num="18" count="4" type="stmt"/>
        <line num="19" count="4" type="stmt"/>
        <line num="20" count="40" type="stmt"/>
        <line num="23" count="4" type="stmt"/>
        <line num="24" count="0" type="stmt"/>
        <line num="25" count="0" type="stmt"/>
        <line num="28" count="4" type="stmt"/>
        <line num="29" count="0" type="stmt"/>
        <line num="30" count="0" type="stmt"/>
        <line num="31" count="0" type="stmt"/>
        <line num="34" count="0" type="stmt"/>
        <line num="37" count="4" type="stmt"/>
        <line num="40" count="40" type="stmt"/>
        <line num="44" count="0" type="cond" truecount="0" falsecount="2"/>
        <line num="45" count="0" type="stmt"/>
        <line num="47" count="0" type="stmt"/>
      </file>
    </package>
    <package name="ten-frame.screens.About">
      <metrics statements="3" coveredstatements="3" conditionals="0" coveredconditionals="0" methods="1" coveredmethods="1"/>
      <file name="About.styles.ts" path="/Users/deanspooner/Repos/ten-frame/screens/About/About.styles.ts">
        <metrics statements="1" coveredstatements="1" conditionals="0" coveredconditionals="0" methods="0" coveredmethods="0"/>
        <line num="3" count="1" type="stmt"/>
      </file>
      <file name="About.tsx" path="/Users/deanspooner/Repos/ten-frame/screens/About/About.tsx">
        <metrics statements="2" coveredstatements="2" conditionals="0" coveredconditionals="0" methods="1" coveredmethods="1"/>
        <line num="5" count="1" type="stmt"/>
        <line num="6" count="2" type="stmt"/>
      </file>
    </package>
    <package name="ten-frame.screens.Home">
      <metrics statements="3" coveredstatements="3" conditionals="0" coveredconditionals="0" methods="1" coveredmethods="1"/>
      <file name="Home.styles.ts" path="/Users/deanspooner/Repos/ten-frame/screens/Home/Home.styles.ts">
        <metrics statements="1" coveredstatements="1" conditionals="0" coveredconditionals="0" methods="0" coveredmethods="0"/>
        <line num="3" count="1" type="stmt"/>
      </file>
      <file name="Home.tsx" path="/Users/deanspooner/Repos/ten-frame/screens/Home/Home.tsx">
        <metrics statements="2" coveredstatements="2" conditionals="0" coveredconditionals="0" methods="1" coveredmethods="1"/>
        <line num="5" count="1" type="stmt"/>
        <line num="6" count="2" type="stmt"/>
      </file>
    </package>
    <package name="ten-frame.screens.TenFrame">
      <metrics statements="9" coveredstatements="5" conditionals="7" coveredconditionals="0" methods="3" coveredmethods="1"/>
      <file name="TenFrame.styles.ts" path="/Users/deanspooner/Repos/ten-frame/screens/TenFrame/TenFrame.styles.ts">
        <metrics statements="1" coveredstatements="1" conditionals="0" coveredconditionals="0" methods="0" coveredmethods="0"/>
        <line num="3" count="1" type="stmt"/>
      </file>
      <file name="TenFrame.tsx" path="/Users/deanspooner/Repos/ten-frame/screens/TenFrame/TenFrame.tsx">
        <metrics statements="8" coveredstatements="4" conditionals="7" coveredconditionals="0" methods="3" coveredmethods="1"/>
        <line num="6" count="1" type="stmt"/>
        <line num="7" count="2" type="stmt"/>
        <line num="10" count="2" type="stmt"/>
        <line num="11" count="0" type="cond" truecount="0" falsecount="2"/>
        <line num="18" count="0" type="stmt"/>
        <line num="20" count="0" type="stmt"/>
        <line num="23" count="2" type="stmt"/>
        <line num="29" count="0" type="stmt"/>
      </file>
    </package>
    <package name="ten-frame.screens.TenFrameGame">
      <metrics statements="41" coveredstatements="21" conditionals="19" coveredconditionals="7" methods="13" coveredmethods="5"/>
      <file name="TenFrameGame.styles.ts" path="/Users/deanspooner/Repos/ten-frame/screens/TenFrameGame/TenFrameGame.styles.ts">
        <metrics statements="1" coveredstatements="1" conditionals="0" coveredconditionals="0" methods="0" coveredmethods="0"/>
        <line num="3" count="1" type="stmt"/>
      </file>
      <file name="TenFrameGame.tsx" path="/Users/deanspooner/Repos/ten-frame/screens/TenFrameGame/TenFrameGame.tsx">
        <metrics statements="40" coveredstatements="20" conditionals="19" coveredconditionals="7" methods="13" coveredmethods="5"/>
        <line num="6" count="1" type="stmt"/>
        <line num="7" count="4" type="stmt"/>
        <line num="8" count="4" type="stmt"/>
        <line num="9" count="4" type="stmt"/>
        <line num="10" count="4" type="stmt"/>
        <line num="11" count="4" type="stmt"/>
        <line num="12" count="4" type="stmt"/>
        <line num="13" count="4" type="stmt"/>
        <line num="15" count="4" type="stmt"/>
        <line num="16" count="4" type="stmt"/>
        <line num="17" count="40" type="stmt"/>
        <line num="20" count="4" type="stmt"/>
        <line num="21" count="2" type="stmt"/>
        <line num="24" count="4" type="stmt"/>
        <line num="25" count="0" type="cond" truecount="0" falsecount="2"/>
        <line num="26" count="0" type="stmt"/>
        <line num="27" count="0" type="stmt"/>
        <line num="28" count="0" type="stmt"/>
        <line num="29" count="0" type="stmt"/>
        <line num="30" count="0" type="stmt"/>
        <line num="31" count="0" type="stmt"/>
        <line num="32" count="0" type="stmt"/>
        <line num="35" count="0" type="stmt"/>
        <line num="36" count="0" type="stmt"/>
        <line num="37" count="0" type="stmt"/>
        <line num="38" count="0" type="stmt"/>
        <line num="39" count="0" type="stmt"/>
        <line num="44" count="4" type="stmt"/>
        <line num="45" count="2" type="stmt"/>
        <line num="48" count="4" type="stmt"/>
        <line num="49" count="2" type="cond" truecount="2" falsecount="2"/>
        <line num="50" count="0" type="stmt"/>
        <line num="51" count="0" type="stmt"/>
        <line num="54" count="2" type="stmt"/>
        <line num="57" count="4" type="stmt"/>
        <line num="61" count="0" type="stmt"/>
        <line num="75" count="0" type="stmt"/>
        <line num="76" count="0" type="stmt"/>
        <line num="98" count="0" type="stmt"/>
        <line num="101" count="0" type="stmt"/>
      </file>
    </package>
    <package name="ten-frame.screens.TenFrameTouch">
      <metrics statements="4" coveredstatements="4" conditionals="0" coveredconditionals="0" methods="1" coveredmethods="1"/>
      <file name="TenFrameTouch.styles.ts" path="/Users/deanspooner/Repos/ten-frame/screens/TenFrameTouch/TenFrameTouch.styles.ts">
        <metrics statements="1" coveredstatements="1" conditionals="0" coveredconditionals="0" methods="0" coveredmethods="0"/>
        <line num="3" count="1" type="stmt"/>
      </file>
      <file name="TenFrameTouch.tsx" path="/Users/deanspooner/Repos/ten-frame/screens/TenFrameTouch/TenFrameTouch.tsx">
        <metrics statements="3" coveredstatements="3" conditionals="0" coveredconditionals="0" methods="1" coveredmethods="1"/>
        <line num="6" count="1" type="stmt"/>
        <line num="7" count="2" type="stmt"/>
        <line num="9" count="2" type="stmt"/>
      </file>
    </package>
  </project>
</coverage>
