{"/Users/deanspooner/Repos/ten-frame/App.styles.ts": {"path":"/Users/deanspooner/Repos/ten-frame/App.styles.ts","statementMap":{"0":{"start":{"line":3,"column":18},"end":{"line":10,"column":2}}},"fnMap":{},"branchMap":{},"s":{"0":0},"f":{},"b":{}}
,"/Users/deanspooner/Repos/ten-frame/App.tsx": {"path":"/Users/deanspooner/Repos/ten-frame/App.tsx","statementMap":{"0":{"start":{"line":13,"column":26},"end":{"line":46,"column":1}},"1":{"start":{"line":14,"column":30},"end":{"line":14,"column":54}},"2":{"start":{"line":15,"column":34},"end":{"line":15,"column":58}},"3":{"start":{"line":17,"column":2},"end":{"line":45,"column":4}},"4":{"start":{"line":34,"column":25},"end":{"line":34,"column":47}}},"fnMap":{"0":{"name":"(anonymous_0)","decl":{"start":{"line":13,"column":26},"end":{"line":13,"column":27}},"loc":{"start":{"line":13,"column":32},"end":{"line":46,"column":1}},"line":13},"1":{"name":"(anonymous_1)","decl":{"start":{"line":34,"column":19},"end":{"line":34,"column":20}},"loc":{"start":{"line":34,"column":25},"end":{"line":34,"column":47}},"line":34}},"branchMap":{"0":{"loc":{"start":{"line":24,"column":7},"end":{"line":36,"column":7}},"type":"binary-expr","locations":[{"start":{"line":24,"column":7},"end":{"line":24,"column":15}},{"start":{"line":25,"column":8},"end":{"line":35,"column":28}}],"line":24},"1":{"loc":{"start":{"line":37,"column":7},"end":{"line":37,"column":49}},"type":"binary-expr","locations":[{"start":{"line":37,"column":7},"end":{"line":37,"column":24}},{"start":{"line":37,"column":28},"end":{"line":37,"column":37}},{"start":{"line":37,"column":41},"end":{"line":37,"column":49}}],"line":37},"2":{"loc":{"start":{"line":38,"column":7},"end":{"line":38,"column":57}},"type":"binary-expr","locations":[{"start":{"line":38,"column":7},"end":{"line":38,"column":28}},{"start":{"line":38,"column":32},"end":{"line":38,"column":41}},{"start":{"line":38,"column":45},"end":{"line":38,"column":57}}],"line":38},"3":{"loc":{"start":{"line":39,"column":7},"end":{"line":39,"column":67}},"type":"binary-expr","locations":[{"start":{"line":39,"column":7},"end":{"line":39,"column":33}},{"start":{"line":39,"column":37},"end":{"line":39,"column":46}},{"start":{"line":39,"column":50},"end":{"line":39,"column":67}}],"line":39},"4":{"loc":{"start":{"line":40,"column":7},"end":{"line":40,"column":65}},"type":"binary-expr","locations":[{"start":{"line":40,"column":7},"end":{"line":40,"column":32}},{"start":{"line":40,"column":36},"end":{"line":40,"column":45}},{"start":{"line":40,"column":49},"end":{"line":40,"column":65}}],"line":40},"5":{"loc":{"start":{"line":41,"column":7},"end":{"line":41,"column":51}},"type":"binary-expr","locations":[{"start":{"line":41,"column":7},"end":{"line":41,"column":25}},{"start":{"line":41,"column":29},"end":{"line":41,"column":38}},{"start":{"line":41,"column":42},"end":{"line":41,"column":51}}],"line":41}},"s":{"0":0,"1":0,"2":0,"3":0,"4":0},"f":{"0":0,"1":0},"b":{"0":[0,0],"1":[0,0,0],"2":[0,0,0],"3":[0,0,0],"4":[0,0,0],"5":[0,0,0]}}
,"/Users/deanspooner/Repos/ten-frame/index.js": {"path":"/Users/deanspooner/Repos/ten-frame/index.js","statementMap":{"0":{"start":{"line":8,"column":0},"end":{"line":8,"column":27}}},"fnMap":{},"branchMap":{},"s":{"0":0},"f":{},"b":{}}
,"/Users/deanspooner/Repos/ten-frame/metro.config.js": {"path":"/Users/deanspooner/Repos/ten-frame/metro.config.js","statementMap":{"0":{"start":{"line":2,"column":29},"end":{"line":2,"column":57}},"1":{"start":{"line":4,"column":0},"end":{"line":4,"column":45}}},"fnMap":{},"branchMap":{},"s":{"0":0,"1":0},"f":{},"b":{}}
,"/Users/deanspooner/Repos/ten-frame/components/GameTable/GameTable.styles.ts": {"path":"/Users/deanspooner/Repos/ten-frame/components/GameTable/GameTable.styles.ts","statementMap":{"0":{"start":{"line":3,"column":24},"end":{"line":28,"column":2}}},"fnMap":{},"branchMap":{},"s":{"0":1},"f":{},"b":{},"_coverageSchema":"1a1c01bbd47fc00a2c39e90264f33305004495a9","hash":"022ce86044b4ac667e2367318e8e1af83bedfd5b"}
,"/Users/deanspooner/Repos/ten-frame/components/GameTable/GameTable.tsx": {"path":"/Users/deanspooner/Repos/ten-frame/components/GameTable/GameTable.tsx","statementMap":{"0":{"start":{"line":9,"column":44},"end":{"line":41,"column":1}},"1":{"start":{"line":10,"column":42},"end":{"line":10,"column":65}},"2":{"start":{"line":11,"column":32},"end":{"line":11,"column":34}},"3":{"start":{"line":12,"column":36},"end":{"line":14,"column":3}},"4":{"start":{"line":13,"column":14},"end":{"line":13,"column":19}},"5":{"start":{"line":16,"column":2},"end":{"line":16,"column":26}},"6":{"start":{"line":18,"column":2},"end":{"line":23,"column":16}},"7":{"start":{"line":19,"column":36},"end":{"line":21,"column":23}},"8":{"start":{"line":22,"column":4},"end":{"line":22,"column":43}},"9":{"start":{"line":25,"column":2},"end":{"line":40,"column":4}},"10":{"start":{"line":28,"column":8},"end":{"line":37,"column":15}}},"fnMap":{"0":{"name":"(anonymous_0)","decl":{"start":{"line":9,"column":44},"end":{"line":9,"column":45}},"loc":{"start":{"line":9,"column":61},"end":{"line":41,"column":1}},"line":9},"1":{"name":"(anonymous_1)","decl":{"start":{"line":13,"column":4},"end":{"line":13,"column":5}},"loc":{"start":{"line":13,"column":14},"end":{"line":13,"column":19}},"line":13},"2":{"name":"(anonymous_2)","decl":{"start":{"line":16,"column":12},"end":{"line":16,"column":13}},"loc":{"start":{"line":16,"column":18},"end":{"line":16,"column":20}},"line":16},"3":{"name":"(anonymous_3)","decl":{"start":{"line":18,"column":12},"end":{"line":18,"column":13}},"loc":{"start":{"line":18,"column":18},"end":{"line":23,"column":3}},"line":18},"4":{"name":"(anonymous_4)","decl":{"start":{"line":27,"column":27},"end":{"line":27,"column":28}},"loc":{"start":{"line":28,"column":8},"end":{"line":37,"column":15}},"line":28}},"branchMap":{"0":{"loc":{"start":{"line":32,"column":14},"end":{"line":34,"column":78}},"type":"cond-expr","locations":[{"start":{"line":33,"column":18},"end":{"line":33,"column":20}},{"start":{"line":34,"column":18},"end":{"line":34,"column":78}}],"line":32}},"s":{"0":1,"1":4,"2":4,"3":4,"4":40,"5":4,"6":4,"7":2,"8":2,"9":4,"10":40},"f":{"0":4,"1":40,"2":2,"3":2,"4":40},"b":{"0":[40,0]},"_coverageSchema":"1a1c01bbd47fc00a2c39e90264f33305004495a9","hash":"c87e17bb03bb1bd2b7b9f5795f45aa2f3589e3e0"}
,"/Users/deanspooner/Repos/ten-frame/components/HamburgerIcon/HamburgerIcon.styles.ts": {"path":"/Users/deanspooner/Repos/ten-frame/components/HamburgerIcon/HamburgerIcon.styles.ts","statementMap":{"0":{"start":{"line":3,"column":28},"end":{"line":25,"column":2}}},"fnMap":{},"branchMap":{},"s":{"0":2},"f":{},"b":{},"_coverageSchema":"1a1c01bbd47fc00a2c39e90264f33305004495a9","hash":"5508b1566388d308c4dd363f8f56094cad36f8c7"}
,"/Users/deanspooner/Repos/ten-frame/components/HamburgerIcon/HamburgerIcon.tsx": {"path":"/Users/deanspooner/Repos/ten-frame/components/HamburgerIcon/HamburgerIcon.tsx","statementMap":{"0":{"start":{"line":10,"column":52},"end":{"line":41,"column":1}},"1":{"start":{"line":14,"column":2},"end":{"line":40,"column":4}},"2":{"start":{"line":18,"column":8},"end":{"line":18,"column":31}}},"fnMap":{"0":{"name":"(anonymous_0)","decl":{"start":{"line":10,"column":52},"end":{"line":10,"column":53}},"loc":{"start":{"line":13,"column":6},"end":{"line":41,"column":1}},"line":13},"1":{"name":"(anonymous_1)","decl":{"start":{"line":17,"column":15},"end":{"line":17,"column":16}},"loc":{"start":{"line":17,"column":21},"end":{"line":19,"column":7}},"line":17}},"branchMap":{"0":{"loc":{"start":{"line":21,"column":7},"end":{"line":27,"column":7}},"type":"binary-expr","locations":[{"start":{"line":21,"column":7},"end":{"line":21,"column":16}},{"start":{"line":22,"column":8},"end":{"line":26,"column":11}}],"line":21},"1":{"loc":{"start":{"line":28,"column":7},"end":{"line":38,"column":7}},"type":"binary-expr","locations":[{"start":{"line":28,"column":7},"end":{"line":28,"column":15}},{"start":{"line":29,"column":8},"end":{"line":37,"column":11}}],"line":28}},"s":{"0":2,"1":4,"2":0},"f":{"0":4,"1":0},"b":{"0":[4,4],"1":[4,0]},"_coverageSchema":"1a1c01bbd47fc00a2c39e90264f33305004495a9","hash":"401d404af28ef4c169f371d51f0f7e9cb751bf1b"}
,"/Users/deanspooner/Repos/ten-frame/components/Header/Header.styles.ts": {"path":"/Users/deanspooner/Repos/ten-frame/components/Header/Header.styles.ts","statementMap":{"0":{"start":{"line":3,"column":21},"end":{"line":48,"column":2}}},"fnMap":{},"branchMap":{},"s":{"0":1},"f":{},"b":{},"_coverageSchema":"1a1c01bbd47fc00a2c39e90264f33305004495a9","hash":"8cee385e34edebfb5302517bab6bb8a49c9eebfe"}
,"/Users/deanspooner/Repos/ten-frame/components/Header/Header.tsx": {"path":"/Users/deanspooner/Repos/ten-frame/components/Header/Header.tsx","statementMap":{"0":{"start":{"line":12,"column":38},"end":{"line":64,"column":1}},"1":{"start":{"line":17,"column":52},"end":{"line":23,"column":3}},"2":{"start":{"line":25,"column":2},"end":{"line":63,"column":4}},"3":{"start":{"line":37,"column":14},"end":{"line":46,"column":33}},"4":{"start":{"line":39,"column":18},"end":{"line":39,"column":41}},"5":{"start":{"line":40,"column":18},"end":{"line":40,"column":41}}},"fnMap":{"0":{"name":"(anonymous_0)","decl":{"start":{"line":12,"column":38},"end":{"line":12,"column":39}},"loc":{"start":{"line":16,"column":6},"end":{"line":64,"column":1}},"line":16},"1":{"name":"(anonymous_1)","decl":{"start":{"line":36,"column":25},"end":{"line":36,"column":26}},"loc":{"start":{"line":37,"column":14},"end":{"line":46,"column":33}},"line":37},"2":{"name":"(anonymous_2)","decl":{"start":{"line":38,"column":25},"end":{"line":38,"column":26}},"loc":{"start":{"line":38,"column":31},"end":{"line":41,"column":17}},"line":38}},"branchMap":{"0":{"loc":{"start":{"line":31,"column":10},"end":{"line":31,"column":70}},"type":"cond-expr","locations":[{"start":{"line":31,"column":21},"end":{"line":31,"column":65}},{"start":{"line":31,"column":68},"end":{"line":31,"column":70}}],"line":31},"1":{"loc":{"start":{"line":34,"column":9},"end":{"line":49,"column":9}},"type":"binary-expr","locations":[{"start":{"line":34,"column":9},"end":{"line":34,"column":17}},{"start":{"line":35,"column":10},"end":{"line":48,"column":17}}],"line":34},"2":{"loc":{"start":{"line":54,"column":12},"end":{"line":54,"column":72}},"type":"cond-expr","locations":[{"start":{"line":54,"column":23},"end":{"line":54,"column":67}},{"start":{"line":54,"column":70},"end":{"line":54,"column":72}}],"line":54}},"s":{"0":1,"1":2,"2":2,"3":0,"4":0,"5":0},"f":{"0":2,"1":0,"2":0},"b":{"0":[0,2],"1":[2,0],"2":[0,2]},"_coverageSchema":"1a1c01bbd47fc00a2c39e90264f33305004495a9","hash":"bf45b02ffa1930ee40f557818f5213aa1b84ad2a"}
,"/Users/deanspooner/Repos/ten-frame/components/Table/Table.styles.ts": {"path":"/Users/deanspooner/Repos/ten-frame/components/Table/Table.styles.ts","statementMap":{"0":{"start":{"line":3,"column":20},"end":{"line":28,"column":2}}},"fnMap":{},"branchMap":{},"s":{"0":3},"f":{},"b":{},"_coverageSchema":"1a1c01bbd47fc00a2c39e90264f33305004495a9","hash":"09aca5590f9cd0f188c8c0371c959aee2f08c480"}
,"/Users/deanspooner/Repos/ten-frame/components/Table/Table.tsx": {"path":"/Users/deanspooner/Repos/ten-frame/components/Table/Table.tsx","statementMap":{"0":{"start":{"line":9,"column":36},"end":{"line":39,"column":1}},"1":{"start":{"line":10,"column":42},"end":{"line":10,"column":65}},"2":{"start":{"line":11,"column":32},"end":{"line":11,"column":34}},"3":{"start":{"line":12,"column":36},"end":{"line":14,"column":3}},"4":{"start":{"line":13,"column":14},"end":{"line":13,"column":19}},"5":{"start":{"line":16,"column":2},"end":{"line":21,"column":16}},"6":{"start":{"line":17,"column":36},"end":{"line":19,"column":23}},"7":{"start":{"line":20,"column":4},"end":{"line":20,"column":43}},"8":{"start":{"line":23,"column":2},"end":{"line":38,"column":4}},"9":{"start":{"line":26,"column":8},"end":{"line":35,"column":15}}},"fnMap":{"0":{"name":"(anonymous_0)","decl":{"start":{"line":9,"column":36},"end":{"line":9,"column":37}},"loc":{"start":{"line":9,"column":53},"end":{"line":39,"column":1}},"line":9},"1":{"name":"(anonymous_1)","decl":{"start":{"line":13,"column":4},"end":{"line":13,"column":5}},"loc":{"start":{"line":13,"column":14},"end":{"line":13,"column":19}},"line":13},"2":{"name":"(anonymous_2)","decl":{"start":{"line":16,"column":12},"end":{"line":16,"column":13}},"loc":{"start":{"line":16,"column":18},"end":{"line":21,"column":3}},"line":16},"3":{"name":"(anonymous_3)","decl":{"start":{"line":25,"column":27},"end":{"line":25,"column":28}},"loc":{"start":{"line":26,"column":8},"end":{"line":35,"column":15}},"line":26}},"branchMap":{"0":{"loc":{"start":{"line":30,"column":14},"end":{"line":32,"column":74}},"type":"cond-expr","locations":[{"start":{"line":31,"column":18},"end":{"line":31,"column":20}},{"start":{"line":32,"column":18},"end":{"line":32,"column":74}}],"line":30}},"s":{"0":3,"1":8,"2":8,"3":8,"4":80,"5":8,"6":4,"7":4,"8":8,"9":80},"f":{"0":8,"1":80,"2":4,"3":80},"b":{"0":[80,0]},"_coverageSchema":"1a1c01bbd47fc00a2c39e90264f33305004495a9","hash":"6ac9a92ac643c3e62c27192647979f72210502e2"}
,"/Users/deanspooner/Repos/ten-frame/components/TouchTable/TouchTable.styles.ts": {"path":"/Users/deanspooner/Repos/ten-frame/components/TouchTable/TouchTable.styles.ts","statementMap":{"0":{"start":{"line":3,"column":25},"end":{"line":29,"column":2}}},"fnMap":{},"branchMap":{},"s":{"0":2},"f":{},"b":{},"_coverageSchema":"1a1c01bbd47fc00a2c39e90264f33305004495a9","hash":"12dd3338216584da9ca6520244e56011c55aabee"}
,"/Users/deanspooner/Repos/ten-frame/components/TouchTable/TouchTable.tsx": {"path":"/Users/deanspooner/Repos/ten-frame/components/TouchTable/TouchTable.tsx","statementMap":{"0":{"start":{"line":10,"column":46},"end":{"line":63,"column":1}},"1":{"start":{"line":14,"column":58},"end":{"line":16,"column":3}},"2":{"start":{"line":18,"column":32},"end":{"line":18,"column":34}},"3":{"start":{"line":19,"column":36},"end":{"line":21,"column":3}},"4":{"start":{"line":20,"column":14},"end":{"line":20,"column":19}},"5":{"start":{"line":23,"column":21},"end":{"line":26,"column":3}},"6":{"start":{"line":24,"column":4},"end":{"line":24,"column":60}},"7":{"start":{"line":25,"column":4},"end":{"line":25,"column":44}},"8":{"start":{"line":28,"column":26},"end":{"line":35,"column":3}},"9":{"start":{"line":29,"column":4},"end":{"line":33,"column":6}},"10":{"start":{"line":30,"column":6},"end":{"line":32,"column":8}},"11":{"start":{"line":31,"column":8},"end":{"line":31,"column":31}},"12":{"start":{"line":34,"column":4},"end":{"line":34,"column":44}},"13":{"start":{"line":37,"column":2},"end":{"line":62,"column":4}},"14":{"start":{"line":40,"column":8},"end":{"line":59,"column":27}},"15":{"start":{"line":44,"column":12},"end":{"line":48,"column":13}},"16":{"start":{"line":45,"column":14},"end":{"line":45,"column":35}},"17":{"start":{"line":47,"column":14},"end":{"line":47,"column":30}}},"fnMap":{"0":{"name":"(anonymous_0)","decl":{"start":{"line":10,"column":46},"end":{"line":10,"column":47}},"loc":{"start":{"line":13,"column":6},"end":{"line":63,"column":1}},"line":13},"1":{"name":"(anonymous_1)","decl":{"start":{"line":20,"column":4},"end":{"line":20,"column":5}},"loc":{"start":{"line":20,"column":14},"end":{"line":20,"column":19}},"line":20},"2":{"name":"(anonymous_2)","decl":{"start":{"line":23,"column":21},"end":{"line":23,"column":22}},"loc":{"start":{"line":23,"column":38},"end":{"line":26,"column":3}},"line":23},"3":{"name":"(anonymous_3)","decl":{"start":{"line":28,"column":26},"end":{"line":28,"column":27}},"loc":{"start":{"line":28,"column":43},"end":{"line":35,"column":3}},"line":28},"4":{"name":"(anonymous_4)","decl":{"start":{"line":29,"column":28},"end":{"line":29,"column":29}},"loc":{"start":{"line":30,"column":6},"end":{"line":32,"column":8}},"line":30},"5":{"name":"(anonymous_5)","decl":{"start":{"line":30,"column":18},"end":{"line":30,"column":19}},"loc":{"start":{"line":30,"column":31},"end":{"line":32,"column":7}},"line":30},"6":{"name":"(anonymous_6)","decl":{"start":{"line":39,"column":27},"end":{"line":39,"column":28}},"loc":{"start":{"line":40,"column":8},"end":{"line":59,"column":27}},"line":40},"7":{"name":"(anonymous_7)","decl":{"start":{"line":43,"column":19},"end":{"line":43,"column":20}},"loc":{"start":{"line":43,"column":25},"end":{"line":49,"column":11}},"line":43}},"branchMap":{"0":{"loc":{"start":{"line":44,"column":12},"end":{"line":48,"column":13}},"type":"if","locations":[{"start":{"line":44,"column":12},"end":{"line":48,"column":13}},{"start":{"line":46,"column":19},"end":{"line":48,"column":13}}],"line":44},"1":{"loc":{"start":{"line":54,"column":14},"end":{"line":56,"column":20}},"type":"cond-expr","locations":[{"start":{"line":55,"column":18},"end":{"line":55,"column":44}},{"start":{"line":56,"column":18},"end":{"line":56,"column":20}}],"line":54}},"s":{"0":2,"1":4,"2":4,"3":4,"4":40,"5":4,"6":0,"7":0,"8":4,"9":0,"10":0,"11":0,"12":0,"13":4,"14":40,"15":0,"16":0,"17":0},"f":{"0":4,"1":40,"2":0,"3":0,"4":0,"5":0,"6":40,"7":0},"b":{"0":[0,0],"1":[0,40]},"_coverageSchema":"1a1c01bbd47fc00a2c39e90264f33305004495a9","hash":"df0565f518a2b17925c2b6ecd568d712134834f2"}
,"/Users/deanspooner/Repos/ten-frame/screens/About/About.styles.ts": {"path":"/Users/deanspooner/Repos/ten-frame/screens/About/About.styles.ts","statementMap":{"0":{"start":{"line":3,"column":20},"end":{"line":10,"column":2}}},"fnMap":{},"branchMap":{},"s":{"0":1},"f":{},"b":{},"_coverageSchema":"1a1c01bbd47fc00a2c39e90264f33305004495a9","hash":"aedfa9c439be9749cc69132d1972812341448640"}
,"/Users/deanspooner/Repos/ten-frame/screens/About/About.tsx": {"path":"/Users/deanspooner/Repos/ten-frame/screens/About/About.tsx","statementMap":{"0":{"start":{"line":5,"column":28},"end":{"line":16,"column":1}},"1":{"start":{"line":6,"column":2},"end":{"line":15,"column":4}}},"fnMap":{"0":{"name":"(anonymous_0)","decl":{"start":{"line":5,"column":28},"end":{"line":5,"column":29}},"loc":{"start":{"line":5,"column":34},"end":{"line":16,"column":1}},"line":5}},"branchMap":{},"s":{"0":1,"1":2},"f":{"0":2},"b":{},"_coverageSchema":"1a1c01bbd47fc00a2c39e90264f33305004495a9","hash":"26f4605f55a9c047fab3d173b0d0c21d2d552844"}
,"/Users/deanspooner/Repos/ten-frame/screens/Home/Home.styles.ts": {"path":"/Users/deanspooner/Repos/ten-frame/screens/Home/Home.styles.ts","statementMap":{"0":{"start":{"line":3,"column":19},"end":{"line":10,"column":2}}},"fnMap":{},"branchMap":{},"s":{"0":1},"f":{},"b":{},"_coverageSchema":"1a1c01bbd47fc00a2c39e90264f33305004495a9","hash":"d859bd228cf3c09e8a1e4c33ae534b2e6148abc7"}
,"/Users/deanspooner/Repos/ten-frame/screens/Home/Home.tsx": {"path":"/Users/deanspooner/Repos/ten-frame/screens/Home/Home.tsx","statementMap":{"0":{"start":{"line":5,"column":27},"end":{"line":11,"column":1}},"1":{"start":{"line":6,"column":2},"end":{"line":10,"column":4}}},"fnMap":{"0":{"name":"(anonymous_0)","decl":{"start":{"line":5,"column":27},"end":{"line":5,"column":28}},"loc":{"start":{"line":5,"column":33},"end":{"line":11,"column":1}},"line":5}},"branchMap":{},"s":{"0":1,"1":2},"f":{"0":2},"b":{},"_coverageSchema":"1a1c01bbd47fc00a2c39e90264f33305004495a9","hash":"d0d8323e146c245280d4d2f75b62341baee73e4a"}
,"/Users/deanspooner/Repos/ten-frame/screens/TenFrame/TenFrame.styles.ts": {"path":"/Users/deanspooner/Repos/ten-frame/screens/TenFrame/TenFrame.styles.ts","statementMap":{"0":{"start":{"line":3,"column":23},"end":{"line":31,"column":2}}},"fnMap":{},"branchMap":{},"s":{"0":1},"f":{},"b":{},"_coverageSchema":"1a1c01bbd47fc00a2c39e90264f33305004495a9","hash":"a9d8332b3c8a118db28ab484cd6a431837008ff9"}
,"/Users/deanspooner/Repos/ten-frame/screens/TenFrame/TenFrame.tsx": {"path":"/Users/deanspooner/Repos/ten-frame/screens/TenFrame/TenFrame.tsx","statementMap":{"0":{"start":{"line":6,"column":31},"end":{"line":41,"column":1}},"1":{"start":{"line":7,"column":34},"end":{"line":7,"column":53}},"2":{"start":{"line":10,"column":25},"end":{"line":21,"column":3}},"3":{"start":{"line":11,"column":4},"end":{"line":19,"column":5}},"4":{"start":{"line":18,"column":6},"end":{"line":18,"column":13}},"5":{"start":{"line":20,"column":4},"end":{"line":20,"column":27}},"6":{"start":{"line":23,"column":2},"end":{"line":40,"column":4}},"7":{"start":{"line":29,"column":39},"end":{"line":29,"column":64}}},"fnMap":{"0":{"name":"(anonymous_0)","decl":{"start":{"line":6,"column":31},"end":{"line":6,"column":32}},"loc":{"start":{"line":6,"column":37},"end":{"line":41,"column":1}},"line":6},"1":{"name":"(anonymous_1)","decl":{"start":{"line":10,"column":25},"end":{"line":10,"column":26}},"loc":{"start":{"line":10,"column":40},"end":{"line":21,"column":3}},"line":10},"2":{"name":"(anonymous_2)","decl":{"start":{"line":29,"column":24},"end":{"line":29,"column":25}},"loc":{"start":{"line":29,"column":39},"end":{"line":29,"column":64}},"line":29}},"branchMap":{"0":{"loc":{"start":{"line":11,"column":4},"end":{"line":19,"column":5}},"type":"if","locations":[{"start":{"line":11,"column":4},"end":{"line":19,"column":5}},{"start":{},"end":{}}],"line":11},"1":{"loc":{"start":{"line":12,"column":6},"end":{"line":16,"column":34}},"type":"binary-expr","locations":[{"start":{"line":12,"column":6},"end":{"line":12,"column":20}},{"start":{"line":13,"column":6},"end":{"line":13,"column":34}},{"start":{"line":14,"column":6},"end":{"line":14,"column":34}},{"start":{"line":15,"column":6},"end":{"line":15,"column":34}},{"start":{"line":16,"column":6},"end":{"line":16,"column":34}}],"line":12}},"s":{"0":1,"1":2,"2":2,"3":0,"4":0,"5":0,"6":2,"7":0},"f":{"0":2,"1":0,"2":0},"b":{"0":[0,0],"1":[0,0,0,0,0]},"_coverageSchema":"1a1c01bbd47fc00a2c39e90264f33305004495a9","hash":"15948619be0ada28ba9863f3ab33379814a19fe6"}
,"/Users/deanspooner/Repos/ten-frame/screens/TenFrameGame/TenFrameGame.styles.ts": {"path":"/Users/deanspooner/Repos/ten-frame/screens/TenFrameGame/TenFrameGame.styles.ts","statementMap":{"0":{"start":{"line":3,"column":27},"end":{"line":81,"column":2}}},"fnMap":{},"branchMap":{},"s":{"0":1},"f":{},"b":{},"_coverageSchema":"1a1c01bbd47fc00a2c39e90264f33305004495a9","hash":"73ec7d2e834c0923aa33abf1581dd05561e2949f"}
,"/Users/deanspooner/Repos/ten-frame/screens/TenFrameGame/TenFrameGame.tsx": {"path":"/Users/deanspooner/Repos/ten-frame/screens/TenFrameGame/TenFrameGame.tsx","statementMap":{"0":{"start":{"line":6,"column":35},"end":{"line":123,"column":1}},"1":{"start":{"line":7,"column":34},"end":{"line":7,"column":53}},"2":{"start":{"line":8,"column":28},"end":{"line":8,"column":47}},"3":{"start":{"line":9,"column":28},"end":{"line":9,"column":47}},"4":{"start":{"line":10,"column":26},"end":{"line":10,"column":46}},"5":{"start":{"line":11,"column":40},"end":{"line":11,"column":64}},"6":{"start":{"line":12,"column":44},"end":{"line":12,"column":68}},"7":{"start":{"line":13,"column":40},"end":{"line":13,"column":64}},"8":{"start":{"line":15,"column":32},"end":{"line":15,"column":34}},"9":{"start":{"line":16,"column":35},"end":{"line":18,"column":3}},"10":{"start":{"line":17,"column":14},"end":{"line":17,"column":19}},"11":{"start":{"line":20,"column":25},"end":{"line":22,"column":3}},"12":{"start":{"line":21,"column":4},"end":{"line":21,"column":52}},"13":{"start":{"line":24,"column":23},"end":{"line":42,"column":3}},"14":{"start":{"line":25,"column":4},"end":{"line":41,"column":5}},"15":{"start":{"line":26,"column":6},"end":{"line":26,"column":26}},"16":{"start":{"line":27,"column":6},"end":{"line":27,"column":26}},"17":{"start":{"line":28,"column":6},"end":{"line":28,"column":23}},"18":{"start":{"line":29,"column":6},"end":{"line":29,"column":28}},"19":{"start":{"line":30,"column":6},"end":{"line":30,"column":29}},"20":{"start":{"line":31,"column":6},"end":{"line":33,"column":15}},"21":{"start":{"line":32,"column":8},"end":{"line":32,"column":32}},"22":{"start":{"line":35,"column":6},"end":{"line":35,"column":26}},"23":{"start":{"line":36,"column":6},"end":{"line":36,"column":30}},"24":{"start":{"line":37,"column":6},"end":{"line":37,"column":27}},"25":{"start":{"line":38,"column":6},"end":{"line":40,"column":15}},"26":{"start":{"line":39,"column":8},"end":{"line":39,"column":30}},"27":{"start":{"line":44,"column":2},"end":{"line":46,"column":9}},"28":{"start":{"line":45,"column":4},"end":{"line":45,"column":21}},"29":{"start":{"line":48,"column":2},"end":{"line":55,"column":26}},"30":{"start":{"line":49,"column":4},"end":{"line":53,"column":5}},"31":{"start":{"line":50,"column":6},"end":{"line":52,"column":15}},"32":{"start":{"line":51,"column":8},"end":{"line":51,"column":26}},"33":{"start":{"line":54,"column":4},"end":{"line":54,"column":11}},"34":{"start":{"line":57,"column":2},"end":{"line":122,"column":4}},"35":{"start":{"line":61,"column":25},"end":{"line":61,"column":45}},"36":{"start":{"line":75,"column":14},"end":{"line":75,"column":35}},"37":{"start":{"line":76,"column":14},"end":{"line":76,"column":26}},"38":{"start":{"line":98,"column":14},"end":{"line":106,"column":33}},"39":{"start":{"line":101,"column":18},"end":{"line":101,"column":36}}},"fnMap":{"0":{"name":"(anonymous_0)","decl":{"start":{"line":6,"column":35},"end":{"line":6,"column":36}},"loc":{"start":{"line":6,"column":41},"end":{"line":123,"column":1}},"line":6},"1":{"name":"(anonymous_1)","decl":{"start":{"line":17,"column":4},"end":{"line":17,"column":5}},"loc":{"start":{"line":17,"column":14},"end":{"line":17,"column":19}},"line":17},"2":{"name":"(anonymous_2)","decl":{"start":{"line":20,"column":25},"end":{"line":20,"column":26}},"loc":{"start":{"line":20,"column":31},"end":{"line":22,"column":3}},"line":20},"3":{"name":"(anonymous_3)","decl":{"start":{"line":24,"column":23},"end":{"line":24,"column":24}},"loc":{"start":{"line":24,"column":40},"end":{"line":42,"column":3}},"line":24},"4":{"name":"(anonymous_4)","decl":{"start":{"line":31,"column":17},"end":{"line":31,"column":18}},"loc":{"start":{"line":31,"column":23},"end":{"line":33,"column":7}},"line":31},"5":{"name":"(anonymous_5)","decl":{"start":{"line":38,"column":17},"end":{"line":38,"column":18}},"loc":{"start":{"line":38,"column":23},"end":{"line":40,"column":7}},"line":38},"6":{"name":"(anonymous_6)","decl":{"start":{"line":44,"column":12},"end":{"line":44,"column":13}},"loc":{"start":{"line":44,"column":18},"end":{"line":46,"column":3}},"line":44},"7":{"name":"(anonymous_7)","decl":{"start":{"line":48,"column":12},"end":{"line":48,"column":13}},"loc":{"start":{"line":48,"column":18},"end":{"line":55,"column":3}},"line":48},"8":{"name":"(anonymous_8)","decl":{"start":{"line":50,"column":17},"end":{"line":50,"column":18}},"loc":{"start":{"line":50,"column":23},"end":{"line":52,"column":7}},"line":50},"9":{"name":"(anonymous_9)","decl":{"start":{"line":61,"column":19},"end":{"line":61,"column":20}},"loc":{"start":{"line":61,"column":25},"end":{"line":61,"column":45}},"line":61},"10":{"name":"(anonymous_10)","decl":{"start":{"line":74,"column":21},"end":{"line":74,"column":22}},"loc":{"start":{"line":74,"column":27},"end":{"line":77,"column":13}},"line":74},"11":{"name":"(anonymous_11)","decl":{"start":{"line":97,"column":32},"end":{"line":97,"column":33}},"loc":{"start":{"line":98,"column":14},"end":{"line":106,"column":33}},"line":98},"12":{"name":"(anonymous_12)","decl":{"start":{"line":100,"column":25},"end":{"line":100,"column":26}},"loc":{"start":{"line":100,"column":31},"end":{"line":102,"column":17}},"line":100}},"branchMap":{"0":{"loc":{"start":{"line":25,"column":4},"end":{"line":41,"column":5}},"type":"if","locations":[{"start":{"line":25,"column":4},"end":{"line":41,"column":5}},{"start":{"line":34,"column":11},"end":{"line":41,"column":5}}],"line":25},"1":{"loc":{"start":{"line":49,"column":4},"end":{"line":53,"column":5}},"type":"if","locations":[{"start":{"line":49,"column":4},"end":{"line":53,"column":5}},{"start":{},"end":{}}],"line":49},"2":{"loc":{"start":{"line":49,"column":8},"end":{"line":49,"column":31}},"type":"binary-expr","locations":[{"start":{"line":49,"column":8},"end":{"line":49,"column":19}},{"start":{"line":49,"column":23},"end":{"line":49,"column":31}}],"line":49},"3":{"loc":{"start":{"line":59,"column":7},"end":{"line":66,"column":7}},"type":"binary-expr","locations":[{"start":{"line":59,"column":7},"end":{"line":59,"column":19}},{"start":{"line":59,"column":23},"end":{"line":59,"column":33}},{"start":{"line":60,"column":8},"end":{"line":65,"column":27}}],"line":59},"4":{"loc":{"start":{"line":67,"column":7},"end":{"line":83,"column":7}},"type":"binary-expr","locations":[{"start":{"line":67,"column":7},"end":{"line":67,"column":18}},{"start":{"line":67,"column":22},"end":{"line":67,"column":32}},{"start":{"line":68,"column":8},"end":{"line":82,"column":11}}],"line":67},"5":{"loc":{"start":{"line":84,"column":7},"end":{"line":120,"column":7}},"type":"binary-expr","locations":[{"start":{"line":84,"column":7},"end":{"line":84,"column":18}},{"start":{"line":84,"column":22},"end":{"line":84,"column":30}},{"start":{"line":85,"column":8},"end":{"line":119,"column":11}}],"line":84},"6":{"loc":{"start":{"line":109,"column":11},"end":{"line":113,"column":11}},"type":"binary-expr","locations":[{"start":{"line":109,"column":11},"end":{"line":109,"column":24}},{"start":{"line":110,"column":12},"end":{"line":112,"column":19}}],"line":109},"7":{"loc":{"start":{"line":114,"column":11},"end":{"line":118,"column":11}},"type":"binary-expr","locations":[{"start":{"line":114,"column":11},"end":{"line":114,"column":22}},{"start":{"line":115,"column":12},"end":{"line":117,"column":19}}],"line":114}},"s":{"0":1,"1":4,"2":4,"3":4,"4":4,"5":4,"6":4,"7":4,"8":4,"9":4,"10":40,"11":4,"12":2,"13":4,"14":0,"15":0,"16":0,"17":0,"18":0,"19":0,"20":0,"21":0,"22":0,"23":0,"24":0,"25":0,"26":0,"27":4,"28":2,"29":4,"30":2,"31":0,"32":0,"33":2,"34":4,"35":0,"36":0,"37":0,"38":0,"39":0},"f":{"0":4,"1":40,"2":2,"3":0,"4":0,"5":0,"6":2,"7":2,"8":0,"9":0,"10":0,"11":0,"12":0},"b":{"0":[0,0],"1":[0,2],"2":[2,0],"3":[4,4,4],"4":[4,0,0],"5":[4,0,0],"6":[0,0],"7":[0,0]},"_coverageSchema":"1a1c01bbd47fc00a2c39e90264f33305004495a9","hash":"5a3a2f67d734bdfb3930e8abb19161027444ea98"}
,"/Users/deanspooner/Repos/ten-frame/screens/TenFrameTouch/TenFrameTouch.styles.ts": {"path":"/Users/deanspooner/Repos/ten-frame/screens/TenFrameTouch/TenFrameTouch.styles.ts","statementMap":{"0":{"start":{"line":3,"column":28},"end":{"line":10,"column":2}}},"fnMap":{},"branchMap":{},"s":{"0":1},"f":{},"b":{},"_coverageSchema":"1a1c01bbd47fc00a2c39e90264f33305004495a9","hash":"eca6442111679e5ac88b386a019cb1e462235589"}
,"/Users/deanspooner/Repos/ten-frame/screens/TenFrameTouch/TenFrameTouch.tsx": {"path":"/Users/deanspooner/Repos/ten-frame/screens/TenFrameTouch/TenFrameTouch.tsx","statementMap":{"0":{"start":{"line":6,"column":36},"end":{"line":21,"column":1}},"1":{"start":{"line":7,"column":48},"end":{"line":7,"column":67}},"2":{"start":{"line":9,"column":2},"end":{"line":20,"column":4}}},"fnMap":{"0":{"name":"(anonymous_0)","decl":{"start":{"line":6,"column":36},"end":{"line":6,"column":37}},"loc":{"start":{"line":6,"column":42},"end":{"line":21,"column":1}},"line":6}},"branchMap":{},"s":{"0":1,"1":2,"2":2},"f":{"0":2},"b":{},"_coverageSchema":"1a1c01bbd47fc00a2c39e90264f33305004495a9","hash":"91ce90fe9012c1d350da6f7b539eeb0fb774e742"}
}
