TN:
SF:App.styles.ts
FNF:0
FNH:0
DA:3,0
LF:1
LH:0
BRF:0
BRH:0
end_of_record
TN:
SF:App.tsx
FN:13,(anonymous_0)
FN:34,(anonymous_1)
FNF:2
FNH:0
FNDA:0,(anonymous_0)
FNDA:0,(anonymous_1)
DA:13,0
DA:14,0
DA:15,0
DA:17,0
DA:34,0
LF:5
LH:0
BRDA:24,0,0,0
BRDA:24,0,1,0
BRDA:37,1,0,0
BRDA:37,1,1,0
BRDA:37,1,2,0
BRDA:38,2,0,0
BRDA:38,2,1,0
BRDA:38,2,2,0
BRDA:39,3,0,0
BRDA:39,3,1,0
BRDA:39,3,2,0
BRDA:40,4,0,0
BRDA:40,4,1,0
BRDA:40,4,2,0
BRDA:41,5,0,0
BRDA:41,5,1,0
BRDA:41,5,2,0
BRF:17
BRH:0
end_of_record
TN:
SF:index.js
FNF:0
FNH:0
DA:8,0
LF:1
LH:0
BRF:0
BRH:0
end_of_record
TN:
SF:metro.config.js
FNF:0
FNH:0
DA:2,0
DA:4,0
LF:2
LH:0
BRF:0
BRH:0
end_of_record
TN:
SF:src/components/GameTable/GameTable.styles.ts
FNF:0
FNH:0
DA:3,1
LF:1
LH:1
BRF:0
BRH:0
end_of_record
TN:
SF:src/components/GameTable/GameTable.tsx
FN:9,(anonymous_0)
FN:13,(anonymous_1)
FN:16,(anonymous_2)
FN:18,(anonymous_3)
FN:27,(anonymous_4)
FNF:5
FNH:5
FNDA:4,(anonymous_0)
FNDA:40,(anonymous_1)
FNDA:2,(anonymous_2)
FNDA:2,(anonymous_3)
FNDA:40,(anonymous_4)
DA:9,1
DA:10,4
DA:11,4
DA:12,4
DA:13,40
DA:16,4
DA:18,4
DA:19,2
DA:22,2
DA:25,4
DA:28,40
LF:11
LH:11
BRDA:32,0,0,40
BRDA:32,0,1,0
BRF:2
BRH:1
end_of_record
TN:
SF:src/components/HamburgerIcon/HamburgerIcon.styles.ts
FNF:0
FNH:0
DA:3,2
LF:1
LH:1
BRF:0
BRH:0
end_of_record
TN:
SF:src/components/HamburgerIcon/HamburgerIcon.tsx
FN:10,(anonymous_0)
FN:17,(anonymous_1)
FNF:2
FNH:1
FNDA:4,(anonymous_0)
FNDA:0,(anonymous_1)
DA:10,2
DA:14,4
DA:18,0
LF:3
LH:2
BRDA:21,0,0,4
BRDA:21,0,1,4
BRDA:28,1,0,4
BRDA:28,1,1,0
BRF:4
BRH:3
end_of_record
TN:
SF:src/components/Header/Header.styles.ts
FNF:0
FNH:0
DA:3,1
LF:1
LH:1
BRF:0
BRH:0
end_of_record
TN:
SF:src/components/Header/Header.tsx
FN:12,(anonymous_0)
FN:36,(anonymous_1)
FN:38,(anonymous_2)
FNF:3
FNH:1
FNDA:2,(anonymous_0)
FNDA:0,(anonymous_1)
FNDA:0,(anonymous_2)
DA:12,1
DA:17,2
DA:25,2
DA:37,0
DA:39,0
DA:40,0
LF:6
LH:3
BRDA:31,0,0,0
BRDA:31,0,1,2
BRDA:34,1,0,2
BRDA:34,1,1,0
BRDA:54,2,0,0
BRDA:54,2,1,2
BRF:6
BRH:3
end_of_record
TN:
SF:src/components/Table/Table.styles.ts
FNF:0
FNH:0
DA:3,3
LF:1
LH:1
BRF:0
BRH:0
end_of_record
TN:
SF:src/components/Table/Table.tsx
FN:9,(anonymous_0)
FN:13,(anonymous_1)
FN:16,(anonymous_2)
FN:25,(anonymous_3)
FNF:4
FNH:4
FNDA:8,(anonymous_0)
FNDA:80,(anonymous_1)
FNDA:4,(anonymous_2)
FNDA:80,(anonymous_3)
DA:9,3
DA:10,8
DA:11,8
DA:12,8
DA:13,80
DA:16,8
DA:17,4
DA:20,4
DA:23,8
DA:26,80
LF:10
LH:10
BRDA:30,0,0,80
BRDA:30,0,1,0
BRF:2
BRH:1
end_of_record
TN:
SF:src/components/TouchTable/TouchTable.styles.ts
FNF:0
FNH:0
DA:3,2
LF:1
LH:1
BRF:0
BRH:0
end_of_record
TN:
SF:src/components/TouchTable/TouchTable.tsx
FN:10,(anonymous_0)
FN:20,(anonymous_1)
FN:23,(anonymous_2)
FN:28,(anonymous_3)
FN:29,(anonymous_4)
FN:30,(anonymous_5)
FN:39,(anonymous_6)
FN:43,(anonymous_7)
FNF:8
FNH:3
FNDA:4,(anonymous_0)
FNDA:40,(anonymous_1)
FNDA:0,(anonymous_2)
FNDA:0,(anonymous_3)
FNDA:0,(anonymous_4)
FNDA:0,(anonymous_5)
FNDA:40,(anonymous_6)
FNDA:0,(anonymous_7)
DA:10,2
DA:14,4
DA:18,4
DA:19,4
DA:20,40
DA:23,4
DA:24,0
DA:25,0
DA:28,4
DA:29,0
DA:30,0
DA:31,0
DA:34,0
DA:37,4
DA:40,40
DA:44,0
DA:45,0
DA:47,0
LF:18
LH:9
BRDA:44,0,0,0
BRDA:44,0,1,0
BRDA:54,1,0,0
BRDA:54,1,1,40
BRF:4
BRH:1
end_of_record
TN:
SF:src/screens/About/About.styles.ts
FNF:0
FNH:0
DA:3,1
LF:1
LH:1
BRF:0
BRH:0
end_of_record
TN:
SF:src/screens/About/About.tsx
FN:5,(anonymous_0)
FNF:1
FNH:1
FNDA:2,(anonymous_0)
DA:5,1
DA:6,2
LF:2
LH:2
BRF:0
BRH:0
end_of_record
TN:
SF:src/screens/Home/Home.styles.ts
FNF:0
FNH:0
DA:3,1
LF:1
LH:1
BRF:0
BRH:0
end_of_record
TN:
SF:src/screens/Home/Home.tsx
FN:5,(anonymous_0)
FNF:1
FNH:1
FNDA:2,(anonymous_0)
DA:5,1
DA:6,2
LF:2
LH:2
BRF:0
BRH:0
end_of_record
TN:
SF:src/screens/TenFrame/TenFrame.styles.ts
FNF:0
FNH:0
DA:3,1
LF:1
LH:1
BRF:0
BRH:0
end_of_record
TN:
SF:src/screens/TenFrame/TenFrame.tsx
FN:6,(anonymous_0)
FN:10,(anonymous_1)
FN:29,(anonymous_2)
FNF:3
FNH:1
FNDA:2,(anonymous_0)
FNDA:0,(anonymous_1)
FNDA:0,(anonymous_2)
DA:6,1
DA:7,2
DA:10,2
DA:11,0
DA:18,0
DA:20,0
DA:23,2
DA:29,0
LF:8
LH:4
BRDA:11,0,0,0
BRDA:11,0,1,0
BRDA:12,1,0,0
BRDA:12,1,1,0
BRDA:12,1,2,0
BRDA:12,1,3,0
BRDA:12,1,4,0
BRF:7
BRH:0
end_of_record
TN:
SF:src/screens/TenFrameGame/TenFrameGame.styles.ts
FNF:0
FNH:0
DA:3,1
LF:1
LH:1
BRF:0
BRH:0
end_of_record
TN:
SF:src/screens/TenFrameGame/TenFrameGame.tsx
FN:6,(anonymous_0)
FN:17,(anonymous_1)
FN:20,(anonymous_2)
FN:24,(anonymous_3)
FN:31,(anonymous_4)
FN:38,(anonymous_5)
FN:44,(anonymous_6)
FN:48,(anonymous_7)
FN:50,(anonymous_8)
FN:61,(anonymous_9)
FN:74,(anonymous_10)
FN:97,(anonymous_11)
FN:100,(anonymous_12)
FNF:13
FNH:5
FNDA:4,(anonymous_0)
FNDA:40,(anonymous_1)
FNDA:2,(anonymous_2)
FNDA:0,(anonymous_3)
FNDA:0,(anonymous_4)
FNDA:0,(anonymous_5)
FNDA:2,(anonymous_6)
FNDA:2,(anonymous_7)
FNDA:0,(anonymous_8)
FNDA:0,(anonymous_9)
FNDA:0,(anonymous_10)
FNDA:0,(anonymous_11)
FNDA:0,(anonymous_12)
DA:6,1
DA:7,4
DA:8,4
DA:9,4
DA:10,4
DA:11,4
DA:12,4
DA:13,4
DA:15,4
DA:16,4
DA:17,40
DA:20,4
DA:21,2
DA:24,4
DA:25,0
DA:26,0
DA:27,0
DA:28,0
DA:29,0
DA:30,0
DA:31,0
DA:32,0
DA:35,0
DA:36,0
DA:37,0
DA:38,0
DA:39,0
DA:44,4
DA:45,2
DA:48,4
DA:49,2
DA:50,0
DA:51,0
DA:54,2
DA:57,4
DA:61,0
DA:75,0
DA:76,0
DA:98,0
DA:101,0
LF:40
LH:20
BRDA:25,0,0,0
BRDA:25,0,1,0
BRDA:49,1,0,0
BRDA:49,1,1,2
BRDA:49,2,0,2
BRDA:49,2,1,0
BRDA:59,3,0,4
BRDA:59,3,1,4
BRDA:59,3,2,4
BRDA:67,4,0,4
BRDA:67,4,1,0
BRDA:67,4,2,0
BRDA:84,5,0,4
BRDA:84,5,1,0
BRDA:84,5,2,0
BRDA:109,6,0,0
BRDA:109,6,1,0
BRDA:114,7,0,0
BRDA:114,7,1,0
BRF:19
BRH:7
end_of_record
TN:
SF:src/screens/TenFrameTouch/TenFrameTouch.styles.ts
FNF:0
FNH:0
DA:3,1
LF:1
LH:1
BRF:0
BRH:0
end_of_record
TN:
SF:src/screens/TenFrameTouch/TenFrameTouch.tsx
FN:6,(anonymous_0)
FNF:1
FNH:1
FNDA:2,(anonymous_0)
DA:6,1
DA:7,2
DA:9,2
LF:3
LH:3
BRF:0
BRH:0
end_of_record
